------------------------------
Работа в файле load_data.py

Начало работы пайплайна

Размер тренировочного датасета: (8693, 14)

Размер тестового датасета: (4277, 13)
------------------------------
Работа в файле processing_data.py

Обработка train

Общее количество пропусков 2324

Заполнены пропуски в столбцах ['RoomService', 'FoodCourt', 'ShoppingMall', 'Spa', 'VRDeck']

Категориальные признаки разбиты с помощью one hot encoding

Сгенерированы новые признаки: total_expenses, group, number_of_group

Обработка test

Общее количество пропусков 1117

Заполнены пропуски в столбцах ['RoomService', 'FoodCourt', 'ShoppingMall', 'Spa', 'VRDeck']

Категориальные признаки разбиты с помощью one hot encoding

Сгенерированы новые признаки: total_expenses, group, number_of_group

Препроцессинг данных завершен
------------------------------
Работа в файле feature_selection.py

Удаление признаков train

Удаление признаков test

Удаление признаков завершено
------------------------------
Работа в файле training_model.py

Обучение модели CatBoost...
      CryoSleep   Age  RoomService  FoodCourt  ...  Destination_TRAPPIST-1e  total_expenses  NumberOfGroup  GroupSize
0             0  39.0          0.0        0.0  ...                        1             0.0              1          1
1             0  24.0        109.0        9.0  ...                        1           692.0              1          1
2             0  58.0         43.0     3576.0  ...                        1         10334.0              1          3
3             0  33.0          0.0     1283.0  ...                        1          4983.0              2          3
4             0  16.0        303.0       70.0  ...                        1          1089.0              1          1
...         ...   ...          ...        ...  ...                      ...             ...            ...        ...
8688          0  41.0          0.0     6819.0  ...                        0          8462.0              1          1
8689          1  18.0          0.0        0.0  ...                        0             0.0              1          1
8690          0  26.0          0.0        0.0  ...                        1          1873.0              1          1
8691          0  32.0          0.0     1049.0  ...                        0          1402.0              1          3
8692          0  44.0        126.0     4688.0  ...                        1          4814.0              2          3

[8693 rows x 18 columns]
0       0
1       1
2       0
3       0
4       1
       ..
8688    0
8689    0
8690    1
8691    0
8692    1
Name: Transported, Length: 8693, dtype: int32

Точность на каждом dфолде: [0.786659   0.7906843  0.79930995 0.81530495 0.80379747]

Средняя точность: 0.7991511331128891

Обучение модели завершено
------------------------------
Работа в файле make_predictions.py

Пайплайн завершен успешно! Файл с предсказаниями сохранен.
